Classic Timing Analyzer report for LAB5
Mon Mar 15 19:26:14 2021
Quartus II Version 9.1 Build 350 03/24/2010 Service Pack 2 SJ Web Edition


---------------------
; Table of Contents ;
---------------------
  1. Legal Notice
  2. Timing Analyzer Summary
  3. Timing Analyzer Settings
  4. Clock Settings Summary
  5. Parallel Compilation
  6. tsu
  7. tco
  8. th
  9. Timing Analyzer Messages



----------------
; Legal Notice ;
----------------
Copyright (C) 1991-2010 Altera Corporation
Your use of Altera Corporation's design tools, logic functions 
and other software and tools, and its AMPP partner logic 
functions, and any output files from any of the foregoing 
(including device programming or simulation files), and any 
associated documentation or information are expressly subject 
to the terms and conditions of the Altera Program License 
Subscription Agreement, Altera MegaCore Function License 
Agreement, or other applicable license agreement, including, 
without limitation, that your use is for the sole purpose of 
programming logic devices manufactured by Altera and sold by 
Altera or its authorized distributors.  Please refer to the 
applicable agreement for further details.



+---------------------------------------------------------------------------------------------------------------------------------------+
; Timing Analyzer Summary                                                                                                               ;
+------------------------------+-------+---------------+-------------+-------------+-------------+------------+----------+--------------+
; Type                         ; Slack ; Required Time ; Actual Time ; From        ; To          ; From Clock ; To Clock ; Failed Paths ;
+------------------------------+-------+---------------+-------------+-------------+-------------+------------+----------+--------------+
; Worst-case tsu               ; N/A   ; None          ; 4.569 ns    ; s1[27]      ; e1[27]~reg0 ; --         ; load     ; 0            ;
; Worst-case tco               ; N/A   ; None          ; 8.935 ns    ; e3[21]~reg0 ; e3[21]      ; load       ; --       ; 0            ;
; Worst-case th                ; N/A   ; None          ; 1.373 ns    ; s2[6]       ; e2[6]~reg0  ; --         ; load     ; 0            ;
; Total number of failed paths ;       ;               ;             ;             ;             ;            ;          ; 0            ;
+------------------------------+-------+---------------+-------------+-------------+-------------+------------+----------+--------------+


+-----------------------------------------------------------------------------------------------------------------------------------------------------+
; Timing Analyzer Settings                                                                                                                            ;
+------------------------------------------------------------------------------------------------------+--------------------+------+----+-------------+
; Option                                                                                               ; Setting            ; From ; To ; Entity Name ;
+------------------------------------------------------------------------------------------------------+--------------------+------+----+-------------+
; Device Name                                                                                          ; EP2C35F672C6       ;      ;    ;             ;
; Timing Models                                                                                        ; Final              ;      ;    ;             ;
; Default hold multicycle                                                                              ; Same as Multicycle ;      ;    ;             ;
; Cut paths between unrelated clock domains                                                            ; On                 ;      ;    ;             ;
; Cut off read during write signal paths                                                               ; On                 ;      ;    ;             ;
; Cut off feedback from I/O pins                                                                       ; On                 ;      ;    ;             ;
; Report Combined Fast/Slow Timing                                                                     ; Off                ;      ;    ;             ;
; Ignore Clock Settings                                                                                ; Off                ;      ;    ;             ;
; Analyze latches as synchronous elements                                                              ; On                 ;      ;    ;             ;
; Enable Recovery/Removal analysis                                                                     ; Off                ;      ;    ;             ;
; Enable Clock Latency                                                                                 ; Off                ;      ;    ;             ;
; Use TimeQuest Timing Analyzer                                                                        ; Off                ;      ;    ;             ;
; Minimum Core Junction Temperature                                                                    ; 0                  ;      ;    ;             ;
; Maximum Core Junction Temperature                                                                    ; 85                 ;      ;    ;             ;
; Number of source nodes to report per destination node                                                ; 10                 ;      ;    ;             ;
; Number of destination nodes to report                                                                ; 10                 ;      ;    ;             ;
; Number of paths to report                                                                            ; 200                ;      ;    ;             ;
; Report Minimum Timing Checks                                                                         ; Off                ;      ;    ;             ;
; Use Fast Timing Models                                                                               ; Off                ;      ;    ;             ;
; Report IO Paths Separately                                                                           ; Off                ;      ;    ;             ;
; Perform Multicorner Analysis                                                                         ; On                 ;      ;    ;             ;
; Reports the worst-case path for each clock domain and analysis                                       ; Off                ;      ;    ;             ;
; Reports worst-case timing paths for each clock domain and analysis                                   ; On                 ;      ;    ;             ;
; Specifies the maximum number of worst-case timing paths to report for each clock domain and analysis ; 100                ;      ;    ;             ;
; Removes common clock path pessimism (CCPP) during slack computation                                  ; Off                ;      ;    ;             ;
; Output I/O Timing Endpoint                                                                           ; Near End           ;      ;    ;             ;
+------------------------------------------------------------------------------------------------------+--------------------+------+----+-------------+


+------------------------------------------------------------------------------------------------------------------------------------------------------------------------------------+
; Clock Settings Summary                                                                                                                                                             ;
+-----------------+--------------------+----------+------------------+---------------+--------------+----------+-----------------------+---------------------+--------+--------------+
; Clock Node Name ; Clock Setting Name ; Type     ; Fmax Requirement ; Early Latency ; Late Latency ; Based on ; Multiply Base Fmax by ; Divide Base Fmax by ; Offset ; Phase offset ;
+-----------------+--------------------+----------+------------------+---------------+--------------+----------+-----------------------+---------------------+--------+--------------+
; load            ;                    ; User Pin ; None             ; 0.000 ns      ; 0.000 ns     ; --       ; N/A                   ; N/A                 ; N/A    ;              ;
+-----------------+--------------------+----------+------------------+---------------+--------------+----------+-----------------------+---------------------+--------+--------------+


Parallel compilation was disabled, but you have multiple processors available. Enable parallel compilation to reduce compilation time.
+-------------------------------------+
; Parallel Compilation                ;
+----------------------------+--------+
; Processors                 ; Number ;
+----------------------------+--------+
; Number detected on machine ; 2      ;
; Maximum allowed            ; 1      ;
+----------------------------+--------+


+---------------------------------------------------------------------+
; tsu                                                                 ;
+-------+--------------+------------+--------+-------------+----------+
; Slack ; Required tsu ; Actual tsu ; From   ; To          ; To Clock ;
+-------+--------------+------------+--------+-------------+----------+
; N/A   ; None         ; 4.569 ns   ; s1[27] ; e1[27]~reg0 ; load     ;
; N/A   ; None         ; 4.404 ns   ; s1[11] ; e1[11]~reg0 ; load     ;
; N/A   ; None         ; 4.381 ns   ; s3[18] ; e3[18]~reg0 ; load     ;
; N/A   ; None         ; 4.274 ns   ; s1[22] ; e1[22]~reg0 ; load     ;
; N/A   ; None         ; 3.677 ns   ; s4[5]  ; e4[5]~reg0  ; load     ;
; N/A   ; None         ; 3.652 ns   ; s4[1]  ; e4[1]~reg0  ; load     ;
; N/A   ; None         ; 3.652 ns   ; s3[19] ; e3[19]~reg0 ; load     ;
; N/A   ; None         ; 3.638 ns   ; s4[4]  ; e4[4]~reg0  ; load     ;
; N/A   ; None         ; 3.603 ns   ; s3[3]  ; e3[3]~reg0  ; load     ;
; N/A   ; None         ; 3.556 ns   ; s3[11] ; e3[11]~reg0 ; load     ;
; N/A   ; None         ; 3.529 ns   ; s1[1]  ; e1[1]~reg0  ; load     ;
; N/A   ; None         ; 3.519 ns   ; s2[28] ; e2[28]~reg0 ; load     ;
; N/A   ; None         ; 3.508 ns   ; s4[30] ; e4[30]~reg0 ; load     ;
; N/A   ; None         ; 3.488 ns   ; s3[27] ; e3[27]~reg0 ; load     ;
; N/A   ; None         ; 3.486 ns   ; s2[16] ; e2[16]~reg0 ; load     ;
; N/A   ; None         ; 3.467 ns   ; s1[15] ; e1[15]~reg0 ; load     ;
; N/A   ; None         ; 3.463 ns   ; s2[24] ; e2[24]~reg0 ; load     ;
; N/A   ; None         ; 3.443 ns   ; s1[29] ; e1[29]~reg0 ; load     ;
; N/A   ; None         ; 3.438 ns   ; s3[13] ; e3[13]~reg0 ; load     ;
; N/A   ; None         ; 3.393 ns   ; s2[31] ; e2[31]~reg0 ; load     ;
; N/A   ; None         ; 3.391 ns   ; s4[17] ; e4[17]~reg0 ; load     ;
; N/A   ; None         ; 3.374 ns   ; s2[15] ; e2[15]~reg0 ; load     ;
; N/A   ; None         ; 3.371 ns   ; s3[4]  ; e3[4]~reg0  ; load     ;
; N/A   ; None         ; 3.352 ns   ; s2[14] ; e2[14]~reg0 ; load     ;
; N/A   ; None         ; 3.346 ns   ; s2[27] ; e2[27]~reg0 ; load     ;
; N/A   ; None         ; 3.340 ns   ; s1[19] ; e1[19]~reg0 ; load     ;
; N/A   ; None         ; 3.338 ns   ; s2[22] ; e2[22]~reg0 ; load     ;
; N/A   ; None         ; 3.337 ns   ; s4[6]  ; e4[6]~reg0  ; load     ;
; N/A   ; None         ; 3.334 ns   ; s3[2]  ; e3[2]~reg0  ; load     ;
; N/A   ; None         ; 3.331 ns   ; s1[26] ; e1[26]~reg0 ; load     ;
; N/A   ; None         ; 3.329 ns   ; s2[2]  ; e2[2]~reg0  ; load     ;
; N/A   ; None         ; 3.323 ns   ; s3[10] ; e3[10]~reg0 ; load     ;
; N/A   ; None         ; 3.318 ns   ; s1[9]  ; e1[9]~reg0  ; load     ;
; N/A   ; None         ; 3.317 ns   ; s4[25] ; e4[25]~reg0 ; load     ;
; N/A   ; None         ; 3.317 ns   ; s2[4]  ; e2[4]~reg0  ; load     ;
; N/A   ; None         ; 3.317 ns   ; s1[18] ; e1[18]~reg0 ; load     ;
; N/A   ; None         ; 3.310 ns   ; s2[12] ; e2[12]~reg0 ; load     ;
; N/A   ; None         ; 3.301 ns   ; s1[20] ; e1[20]~reg0 ; load     ;
; N/A   ; None         ; 3.296 ns   ; s2[20] ; e2[20]~reg0 ; load     ;
; N/A   ; None         ; 3.296 ns   ; s1[24] ; e1[24]~reg0 ; load     ;
; N/A   ; None         ; 3.295 ns   ; s2[23] ; e2[23]~reg0 ; load     ;
; N/A   ; None         ; 3.291 ns   ; s2[25] ; e2[25]~reg0 ; load     ;
; N/A   ; None         ; 3.288 ns   ; s3[24] ; e3[24]~reg0 ; load     ;
; N/A   ; None         ; 3.287 ns   ; s3[17] ; e3[17]~reg0 ; load     ;
; N/A   ; None         ; 3.281 ns   ; s1[21] ; e1[21]~reg0 ; load     ;
; N/A   ; None         ; 3.279 ns   ; s2[5]  ; e2[5]~reg0  ; load     ;
; N/A   ; None         ; 3.278 ns   ; s4[13] ; e4[13]~reg0 ; load     ;
; N/A   ; None         ; 3.271 ns   ; s4[21] ; e4[21]~reg0 ; load     ;
; N/A   ; None         ; 3.268 ns   ; s3[16] ; e3[16]~reg0 ; load     ;
; N/A   ; None         ; 3.267 ns   ; s4[22] ; e4[22]~reg0 ; load     ;
; N/A   ; None         ; 3.264 ns   ; s1[3]  ; e1[3]~reg0  ; load     ;
; N/A   ; None         ; 3.262 ns   ; s2[30] ; e2[30]~reg0 ; load     ;
; N/A   ; None         ; 3.258 ns   ; s3[21] ; e3[21]~reg0 ; load     ;
; N/A   ; None         ; 3.255 ns   ; s1[2]  ; e1[2]~reg0  ; load     ;
; N/A   ; None         ; 3.250 ns   ; s1[25] ; e1[25]~reg0 ; load     ;
; N/A   ; None         ; 3.247 ns   ; s4[24] ; e4[24]~reg0 ; load     ;
; N/A   ; None         ; 3.239 ns   ; s2[8]  ; e2[8]~reg0  ; load     ;
; N/A   ; None         ; 3.239 ns   ; s1[6]  ; e1[6]~reg0  ; load     ;
; N/A   ; None         ; 3.228 ns   ; s1[5]  ; e1[5]~reg0  ; load     ;
; N/A   ; None         ; 3.219 ns   ; s3[9]  ; e3[9]~reg0  ; load     ;
; N/A   ; None         ; 3.216 ns   ; s3[22] ; e3[22]~reg0 ; load     ;
; N/A   ; None         ; 3.215 ns   ; s2[11] ; e2[11]~reg0 ; load     ;
; N/A   ; None         ; 3.210 ns   ; s1[31] ; e1[31]~reg0 ; load     ;
; N/A   ; None         ; 3.206 ns   ; s4[11] ; e4[11]~reg0 ; load     ;
; N/A   ; None         ; 3.206 ns   ; s1[10] ; e1[10]~reg0 ; load     ;
; N/A   ; None         ; 3.184 ns   ; s4[23] ; e4[23]~reg0 ; load     ;
; N/A   ; None         ; 3.184 ns   ; s2[18] ; e2[18]~reg0 ; load     ;
; N/A   ; None         ; 3.180 ns   ; s4[12] ; e4[12]~reg0 ; load     ;
; N/A   ; None         ; 3.178 ns   ; s3[26] ; e3[26]~reg0 ; load     ;
; N/A   ; None         ; 3.178 ns   ; s3[12] ; e3[12]~reg0 ; load     ;
; N/A   ; None         ; 3.173 ns   ; s4[18] ; e4[18]~reg0 ; load     ;
; N/A   ; None         ; 3.173 ns   ; s4[2]  ; e4[2]~reg0  ; load     ;
; N/A   ; None         ; 3.169 ns   ; s4[10] ; e4[10]~reg0 ; load     ;
; N/A   ; None         ; 3.166 ns   ; s4[28] ; e4[28]~reg0 ; load     ;
; N/A   ; None         ; 3.161 ns   ; s4[29] ; e4[29]~reg0 ; load     ;
; N/A   ; None         ; 3.161 ns   ; s1[12] ; e1[12]~reg0 ; load     ;
; N/A   ; None         ; 3.159 ns   ; s4[16] ; e4[16]~reg0 ; load     ;
; N/A   ; None         ; 3.154 ns   ; s1[30] ; e1[30]~reg0 ; load     ;
; N/A   ; None         ; 3.153 ns   ; s3[29] ; e3[29]~reg0 ; load     ;
; N/A   ; None         ; 3.151 ns   ; s2[21] ; e2[21]~reg0 ; load     ;
; N/A   ; None         ; 3.150 ns   ; s2[10] ; e2[10]~reg0 ; load     ;
; N/A   ; None         ; 3.150 ns   ; s1[16] ; e1[16]~reg0 ; load     ;
; N/A   ; None         ; 3.145 ns   ; s1[4]  ; e1[4]~reg0  ; load     ;
; N/A   ; None         ; 3.144 ns   ; s3[6]  ; e3[6]~reg0  ; load     ;
; N/A   ; None         ; 3.142 ns   ; s4[27] ; e4[27]~reg0 ; load     ;
; N/A   ; None         ; 3.139 ns   ; s2[29] ; e2[29]~reg0 ; load     ;
; N/A   ; None         ; 3.139 ns   ; s2[1]  ; e2[1]~reg0  ; load     ;
; N/A   ; None         ; 3.137 ns   ; s3[5]  ; e3[5]~reg0  ; load     ;
; N/A   ; None         ; 3.136 ns   ; s1[28] ; e1[28]~reg0 ; load     ;
; N/A   ; None         ; 3.133 ns   ; s1[23] ; e1[23]~reg0 ; load     ;
; N/A   ; None         ; 3.129 ns   ; s4[7]  ; e4[7]~reg0  ; load     ;
; N/A   ; None         ; 3.123 ns   ; s1[8]  ; e1[8]~reg0  ; load     ;
; N/A   ; None         ; 3.120 ns   ; s4[19] ; e4[19]~reg0 ; load     ;
; N/A   ; None         ; 3.113 ns   ; s2[0]  ; e2[0]~reg0  ; load     ;
; N/A   ; None         ; 3.107 ns   ; s4[15] ; e4[15]~reg0 ; load     ;
; N/A   ; None         ; 3.084 ns   ; s4[9]  ; e4[9]~reg0  ; load     ;
; N/A   ; None         ; 3.075 ns   ; s1[7]  ; e1[7]~reg0  ; load     ;
; N/A   ; None         ; 3.058 ns   ; s3[31] ; e3[31]~reg0 ; load     ;
; N/A   ; None         ; 3.048 ns   ; s3[8]  ; e3[8]~reg0  ; load     ;
; N/A   ; None         ; 3.048 ns   ; s2[13] ; e2[13]~reg0 ; load     ;
; N/A   ; None         ; 2.884 ns   ; s2[26] ; e2[26]~reg0 ; load     ;
; N/A   ; None         ; 2.871 ns   ; s3[7]  ; e3[7]~reg0  ; load     ;
; N/A   ; None         ; 2.869 ns   ; s3[14] ; e3[14]~reg0 ; load     ;
; N/A   ; None         ; 2.868 ns   ; s3[30] ; e3[30]~reg0 ; load     ;
; N/A   ; None         ; 2.867 ns   ; s4[8]  ; e4[8]~reg0  ; load     ;
; N/A   ; None         ; 2.866 ns   ; s4[3]  ; e4[3]~reg0  ; load     ;
; N/A   ; None         ; 2.866 ns   ; s2[17] ; e2[17]~reg0 ; load     ;
; N/A   ; None         ; 2.861 ns   ; s3[0]  ; e3[0]~reg0  ; load     ;
; N/A   ; None         ; 2.859 ns   ; s4[14] ; e4[14]~reg0 ; load     ;
; N/A   ; None         ; 2.856 ns   ; s4[26] ; e4[26]~reg0 ; load     ;
; N/A   ; None         ; 2.850 ns   ; s2[19] ; e2[19]~reg0 ; load     ;
; N/A   ; None         ; 2.848 ns   ; s4[0]  ; e4[0]~reg0  ; load     ;
; N/A   ; None         ; 2.841 ns   ; s3[1]  ; e3[1]~reg0  ; load     ;
; N/A   ; None         ; 2.840 ns   ; s3[15] ; e3[15]~reg0 ; load     ;
; N/A   ; None         ; 2.839 ns   ; s4[31] ; e4[31]~reg0 ; load     ;
; N/A   ; None         ; 2.837 ns   ; s3[20] ; e3[20]~reg0 ; load     ;
; N/A   ; None         ; 2.834 ns   ; s1[13] ; e1[13]~reg0 ; load     ;
; N/A   ; None         ; 2.833 ns   ; s2[9]  ; e2[9]~reg0  ; load     ;
; N/A   ; None         ; 2.832 ns   ; s2[3]  ; e2[3]~reg0  ; load     ;
; N/A   ; None         ; 2.824 ns   ; s3[23] ; e3[23]~reg0 ; load     ;
; N/A   ; None         ; 2.814 ns   ; s4[20] ; e4[20]~reg0 ; load     ;
; N/A   ; None         ; 2.811 ns   ; s3[25] ; e3[25]~reg0 ; load     ;
; N/A   ; None         ; 2.805 ns   ; s3[28] ; e3[28]~reg0 ; load     ;
; N/A   ; None         ; 2.769 ns   ; s1[14] ; e1[14]~reg0 ; load     ;
; N/A   ; None         ; 2.766 ns   ; s1[17] ; e1[17]~reg0 ; load     ;
; N/A   ; None         ; -0.763 ns  ; s1[0]  ; e1[0]~reg0  ; load     ;
; N/A   ; None         ; -0.923 ns  ; s2[7]  ; e2[7]~reg0  ; load     ;
; N/A   ; None         ; -1.143 ns  ; s2[6]  ; e2[6]~reg0  ; load     ;
+-------+--------------+------------+--------+-------------+----------+


+-----------------------------------------------------------------------+
; tco                                                                   ;
+-------+--------------+------------+-------------+--------+------------+
; Slack ; Required tco ; Actual tco ; From        ; To     ; From Clock ;
+-------+--------------+------------+-------------+--------+------------+
; N/A   ; None         ; 8.935 ns   ; e3[21]~reg0 ; e3[21] ; load       ;
; N/A   ; None         ; 8.883 ns   ; e2[29]~reg0 ; e2[29] ; load       ;
; N/A   ; None         ; 7.864 ns   ; e3[13]~reg0 ; e3[13] ; load       ;
; N/A   ; None         ; 7.682 ns   ; e3[3]~reg0  ; e3[3]  ; load       ;
; N/A   ; None         ; 7.590 ns   ; e2[12]~reg0 ; e2[12] ; load       ;
; N/A   ; None         ; 7.545 ns   ; e2[25]~reg0 ; e2[25] ; load       ;
; N/A   ; None         ; 7.144 ns   ; e2[1]~reg0  ; e2[1]  ; load       ;
; N/A   ; None         ; 6.994 ns   ; e1[11]~reg0 ; e1[11] ; load       ;
; N/A   ; None         ; 6.750 ns   ; e3[22]~reg0 ; e3[22] ; load       ;
; N/A   ; None         ; 6.674 ns   ; e2[22]~reg0 ; e2[22] ; load       ;
; N/A   ; None         ; 6.647 ns   ; e3[17]~reg0 ; e3[17] ; load       ;
; N/A   ; None         ; 6.592 ns   ; e4[10]~reg0 ; e4[10] ; load       ;
; N/A   ; None         ; 6.578 ns   ; e2[4]~reg0  ; e2[4]  ; load       ;
; N/A   ; None         ; 6.577 ns   ; e2[27]~reg0 ; e2[27] ; load       ;
; N/A   ; None         ; 6.576 ns   ; e4[13]~reg0 ; e4[13] ; load       ;
; N/A   ; None         ; 6.572 ns   ; e1[15]~reg0 ; e1[15] ; load       ;
; N/A   ; None         ; 6.567 ns   ; e4[28]~reg0 ; e4[28] ; load       ;
; N/A   ; None         ; 6.565 ns   ; e2[7]~reg0  ; e2[7]  ; load       ;
; N/A   ; None         ; 6.563 ns   ; e3[9]~reg0  ; e3[9]  ; load       ;
; N/A   ; None         ; 6.554 ns   ; e2[16]~reg0 ; e2[16] ; load       ;
; N/A   ; None         ; 6.518 ns   ; e4[1]~reg0  ; e4[1]  ; load       ;
; N/A   ; None         ; 6.502 ns   ; e1[26]~reg0 ; e1[26] ; load       ;
; N/A   ; None         ; 6.490 ns   ; e4[29]~reg0 ; e4[29] ; load       ;
; N/A   ; None         ; 6.483 ns   ; e3[12]~reg0 ; e3[12] ; load       ;
; N/A   ; None         ; 6.476 ns   ; e3[18]~reg0 ; e3[18] ; load       ;
; N/A   ; None         ; 6.458 ns   ; e3[26]~reg0 ; e3[26] ; load       ;
; N/A   ; None         ; 6.448 ns   ; e1[1]~reg0  ; e1[1]  ; load       ;
; N/A   ; None         ; 6.442 ns   ; e3[11]~reg0 ; e3[11] ; load       ;
; N/A   ; None         ; 6.442 ns   ; e1[9]~reg0  ; e1[9]  ; load       ;
; N/A   ; None         ; 6.426 ns   ; e1[10]~reg0 ; e1[10] ; load       ;
; N/A   ; None         ; 6.420 ns   ; e3[24]~reg0 ; e3[24] ; load       ;
; N/A   ; None         ; 6.420 ns   ; e1[22]~reg0 ; e1[22] ; load       ;
; N/A   ; None         ; 6.419 ns   ; e2[14]~reg0 ; e2[14] ; load       ;
; N/A   ; None         ; 6.417 ns   ; e2[31]~reg0 ; e2[31] ; load       ;
; N/A   ; None         ; 6.416 ns   ; e1[17]~reg0 ; e1[17] ; load       ;
; N/A   ; None         ; 6.414 ns   ; e4[16]~reg0 ; e4[16] ; load       ;
; N/A   ; None         ; 6.410 ns   ; e2[23]~reg0 ; e2[23] ; load       ;
; N/A   ; None         ; 6.409 ns   ; e3[31]~reg0 ; e3[31] ; load       ;
; N/A   ; None         ; 6.406 ns   ; e4[17]~reg0 ; e4[17] ; load       ;
; N/A   ; None         ; 6.406 ns   ; e2[15]~reg0 ; e2[15] ; load       ;
; N/A   ; None         ; 6.399 ns   ; e1[3]~reg0  ; e1[3]  ; load       ;
; N/A   ; None         ; 6.398 ns   ; e4[30]~reg0 ; e4[30] ; load       ;
; N/A   ; None         ; 6.398 ns   ; e2[6]~reg0  ; e2[6]  ; load       ;
; N/A   ; None         ; 6.396 ns   ; e2[13]~reg0 ; e2[13] ; load       ;
; N/A   ; None         ; 6.391 ns   ; e1[7]~reg0  ; e1[7]  ; load       ;
; N/A   ; None         ; 6.387 ns   ; e3[25]~reg0 ; e3[25] ; load       ;
; N/A   ; None         ; 6.387 ns   ; e3[5]~reg0  ; e3[5]  ; load       ;
; N/A   ; None         ; 6.387 ns   ; e3[2]~reg0  ; e3[2]  ; load       ;
; N/A   ; None         ; 6.387 ns   ; e2[8]~reg0  ; e2[8]  ; load       ;
; N/A   ; None         ; 6.385 ns   ; e4[14]~reg0 ; e4[14] ; load       ;
; N/A   ; None         ; 6.373 ns   ; e3[4]~reg0  ; e3[4]  ; load       ;
; N/A   ; None         ; 6.372 ns   ; e1[20]~reg0 ; e1[20] ; load       ;
; N/A   ; None         ; 6.370 ns   ; e1[6]~reg0  ; e1[6]  ; load       ;
; N/A   ; None         ; 6.369 ns   ; e4[7]~reg0  ; e4[7]  ; load       ;
; N/A   ; None         ; 6.366 ns   ; e4[12]~reg0 ; e4[12] ; load       ;
; N/A   ; None         ; 6.366 ns   ; e3[16]~reg0 ; e3[16] ; load       ;
; N/A   ; None         ; 6.366 ns   ; e2[10]~reg0 ; e2[10] ; load       ;
; N/A   ; None         ; 6.361 ns   ; e2[20]~reg0 ; e2[20] ; load       ;
; N/A   ; None         ; 6.360 ns   ; e1[0]~reg0  ; e1[0]  ; load       ;
; N/A   ; None         ; 6.359 ns   ; e3[6]~reg0  ; e3[6]  ; load       ;
; N/A   ; None         ; 6.358 ns   ; e1[24]~reg0 ; e1[24] ; load       ;
; N/A   ; None         ; 6.357 ns   ; e3[10]~reg0 ; e3[10] ; load       ;
; N/A   ; None         ; 6.357 ns   ; e2[21]~reg0 ; e2[21] ; load       ;
; N/A   ; None         ; 6.356 ns   ; e4[27]~reg0 ; e4[27] ; load       ;
; N/A   ; None         ; 6.356 ns   ; e4[19]~reg0 ; e4[19] ; load       ;
; N/A   ; None         ; 6.355 ns   ; e4[21]~reg0 ; e4[21] ; load       ;
; N/A   ; None         ; 6.355 ns   ; e1[21]~reg0 ; e1[21] ; load       ;
; N/A   ; None         ; 6.350 ns   ; e1[8]~reg0  ; e1[8]  ; load       ;
; N/A   ; None         ; 6.349 ns   ; e1[12]~reg0 ; e1[12] ; load       ;
; N/A   ; None         ; 6.346 ns   ; e4[24]~reg0 ; e4[24] ; load       ;
; N/A   ; None         ; 6.346 ns   ; e4[22]~reg0 ; e4[22] ; load       ;
; N/A   ; None         ; 6.346 ns   ; e2[5]~reg0  ; e2[5]  ; load       ;
; N/A   ; None         ; 6.345 ns   ; e3[29]~reg0 ; e3[29] ; load       ;
; N/A   ; None         ; 6.344 ns   ; e1[25]~reg0 ; e1[25] ; load       ;
; N/A   ; None         ; 6.339 ns   ; e1[23]~reg0 ; e1[23] ; load       ;
; N/A   ; None         ; 6.337 ns   ; e1[30]~reg0 ; e1[30] ; load       ;
; N/A   ; None         ; 6.337 ns   ; e1[4]~reg0  ; e1[4]  ; load       ;
; N/A   ; None         ; 6.335 ns   ; e2[30]~reg0 ; e2[30] ; load       ;
; N/A   ; None         ; 6.335 ns   ; e1[2]~reg0  ; e1[2]  ; load       ;
; N/A   ; None         ; 6.334 ns   ; e2[0]~reg0  ; e2[0]  ; load       ;
; N/A   ; None         ; 6.332 ns   ; e1[28]~reg0 ; e1[28] ; load       ;
; N/A   ; None         ; 6.320 ns   ; e4[18]~reg0 ; e4[18] ; load       ;
; N/A   ; None         ; 6.317 ns   ; e1[27]~reg0 ; e1[27] ; load       ;
; N/A   ; None         ; 6.308 ns   ; e4[4]~reg0  ; e4[4]  ; load       ;
; N/A   ; None         ; 6.306 ns   ; e4[23]~reg0 ; e4[23] ; load       ;
; N/A   ; None         ; 6.296 ns   ; e2[2]~reg0  ; e2[2]  ; load       ;
; N/A   ; None         ; 6.294 ns   ; e1[16]~reg0 ; e1[16] ; load       ;
; N/A   ; None         ; 6.293 ns   ; e4[11]~reg0 ; e4[11] ; load       ;
; N/A   ; None         ; 6.289 ns   ; e1[18]~reg0 ; e1[18] ; load       ;
; N/A   ; None         ; 6.288 ns   ; e4[2]~reg0  ; e4[2]  ; load       ;
; N/A   ; None         ; 6.272 ns   ; e2[24]~reg0 ; e2[24] ; load       ;
; N/A   ; None         ; 6.270 ns   ; e4[5]~reg0  ; e4[5]  ; load       ;
; N/A   ; None         ; 6.270 ns   ; e3[8]~reg0  ; e3[8]  ; load       ;
; N/A   ; None         ; 6.268 ns   ; e3[27]~reg0 ; e3[27] ; load       ;
; N/A   ; None         ; 6.267 ns   ; e3[19]~reg0 ; e3[19] ; load       ;
; N/A   ; None         ; 6.265 ns   ; e2[18]~reg0 ; e2[18] ; load       ;
; N/A   ; None         ; 6.259 ns   ; e1[29]~reg0 ; e1[29] ; load       ;
; N/A   ; None         ; 6.247 ns   ; e2[11]~reg0 ; e2[11] ; load       ;
; N/A   ; None         ; 6.245 ns   ; e3[28]~reg0 ; e3[28] ; load       ;
; N/A   ; None         ; 6.240 ns   ; e4[6]~reg0  ; e4[6]  ; load       ;
; N/A   ; None         ; 6.238 ns   ; e4[15]~reg0 ; e4[15] ; load       ;
; N/A   ; None         ; 6.235 ns   ; e2[28]~reg0 ; e2[28] ; load       ;
; N/A   ; None         ; 6.229 ns   ; e1[31]~reg0 ; e1[31] ; load       ;
; N/A   ; None         ; 6.222 ns   ; e4[31]~reg0 ; e4[31] ; load       ;
; N/A   ; None         ; 6.216 ns   ; e4[25]~reg0 ; e4[25] ; load       ;
; N/A   ; None         ; 6.214 ns   ; e1[19]~reg0 ; e1[19] ; load       ;
; N/A   ; None         ; 6.208 ns   ; e1[5]~reg0  ; e1[5]  ; load       ;
; N/A   ; None         ; 6.200 ns   ; e4[9]~reg0  ; e4[9]  ; load       ;
; N/A   ; None         ; 6.114 ns   ; e2[17]~reg0 ; e2[17] ; load       ;
; N/A   ; None         ; 6.106 ns   ; e1[14]~reg0 ; e1[14] ; load       ;
; N/A   ; None         ; 6.102 ns   ; e1[13]~reg0 ; e1[13] ; load       ;
; N/A   ; None         ; 6.087 ns   ; e2[9]~reg0  ; e2[9]  ; load       ;
; N/A   ; None         ; 6.085 ns   ; e4[8]~reg0  ; e4[8]  ; load       ;
; N/A   ; None         ; 6.073 ns   ; e2[3]~reg0  ; e2[3]  ; load       ;
; N/A   ; None         ; 6.069 ns   ; e4[3]~reg0  ; e4[3]  ; load       ;
; N/A   ; None         ; 6.069 ns   ; e3[30]~reg0 ; e3[30] ; load       ;
; N/A   ; None         ; 6.067 ns   ; e4[26]~reg0 ; e4[26] ; load       ;
; N/A   ; None         ; 6.067 ns   ; e3[1]~reg0  ; e3[1]  ; load       ;
; N/A   ; None         ; 6.063 ns   ; e3[15]~reg0 ; e3[15] ; load       ;
; N/A   ; None         ; 6.063 ns   ; e2[19]~reg0 ; e2[19] ; load       ;
; N/A   ; None         ; 6.059 ns   ; e4[0]~reg0  ; e4[0]  ; load       ;
; N/A   ; None         ; 6.054 ns   ; e3[0]~reg0  ; e3[0]  ; load       ;
; N/A   ; None         ; 6.053 ns   ; e3[23]~reg0 ; e3[23] ; load       ;
; N/A   ; None         ; 6.052 ns   ; e3[7]~reg0  ; e3[7]  ; load       ;
; N/A   ; None         ; 6.049 ns   ; e2[26]~reg0 ; e2[26] ; load       ;
; N/A   ; None         ; 6.048 ns   ; e3[20]~reg0 ; e3[20] ; load       ;
; N/A   ; None         ; 6.043 ns   ; e3[14]~reg0 ; e3[14] ; load       ;
; N/A   ; None         ; 6.039 ns   ; e4[20]~reg0 ; e4[20] ; load       ;
+-------+--------------+------------+-------------+--------+------------+


+---------------------------------------------------------------------------+
; th                                                                        ;
+---------------+-------------+-----------+--------+-------------+----------+
; Minimum Slack ; Required th ; Actual th ; From   ; To          ; To Clock ;
+---------------+-------------+-----------+--------+-------------+----------+
; N/A           ; None        ; 1.373 ns  ; s2[6]  ; e2[6]~reg0  ; load     ;
; N/A           ; None        ; 1.153 ns  ; s2[7]  ; e2[7]~reg0  ; load     ;
; N/A           ; None        ; 0.993 ns  ; s1[0]  ; e1[0]~reg0  ; load     ;
; N/A           ; None        ; -2.536 ns ; s1[17] ; e1[17]~reg0 ; load     ;
; N/A           ; None        ; -2.539 ns ; s1[14] ; e1[14]~reg0 ; load     ;
; N/A           ; None        ; -2.575 ns ; s3[28] ; e3[28]~reg0 ; load     ;
; N/A           ; None        ; -2.581 ns ; s3[25] ; e3[25]~reg0 ; load     ;
; N/A           ; None        ; -2.584 ns ; s4[20] ; e4[20]~reg0 ; load     ;
; N/A           ; None        ; -2.594 ns ; s3[23] ; e3[23]~reg0 ; load     ;
; N/A           ; None        ; -2.602 ns ; s2[3]  ; e2[3]~reg0  ; load     ;
; N/A           ; None        ; -2.603 ns ; s2[9]  ; e2[9]~reg0  ; load     ;
; N/A           ; None        ; -2.604 ns ; s1[13] ; e1[13]~reg0 ; load     ;
; N/A           ; None        ; -2.607 ns ; s3[20] ; e3[20]~reg0 ; load     ;
; N/A           ; None        ; -2.609 ns ; s4[31] ; e4[31]~reg0 ; load     ;
; N/A           ; None        ; -2.610 ns ; s3[15] ; e3[15]~reg0 ; load     ;
; N/A           ; None        ; -2.611 ns ; s3[1]  ; e3[1]~reg0  ; load     ;
; N/A           ; None        ; -2.618 ns ; s4[0]  ; e4[0]~reg0  ; load     ;
; N/A           ; None        ; -2.620 ns ; s2[19] ; e2[19]~reg0 ; load     ;
; N/A           ; None        ; -2.626 ns ; s4[26] ; e4[26]~reg0 ; load     ;
; N/A           ; None        ; -2.629 ns ; s4[14] ; e4[14]~reg0 ; load     ;
; N/A           ; None        ; -2.631 ns ; s3[0]  ; e3[0]~reg0  ; load     ;
; N/A           ; None        ; -2.636 ns ; s4[3]  ; e4[3]~reg0  ; load     ;
; N/A           ; None        ; -2.636 ns ; s2[17] ; e2[17]~reg0 ; load     ;
; N/A           ; None        ; -2.637 ns ; s4[8]  ; e4[8]~reg0  ; load     ;
; N/A           ; None        ; -2.638 ns ; s3[30] ; e3[30]~reg0 ; load     ;
; N/A           ; None        ; -2.639 ns ; s3[14] ; e3[14]~reg0 ; load     ;
; N/A           ; None        ; -2.641 ns ; s3[7]  ; e3[7]~reg0  ; load     ;
; N/A           ; None        ; -2.654 ns ; s2[26] ; e2[26]~reg0 ; load     ;
; N/A           ; None        ; -2.818 ns ; s3[8]  ; e3[8]~reg0  ; load     ;
; N/A           ; None        ; -2.818 ns ; s2[13] ; e2[13]~reg0 ; load     ;
; N/A           ; None        ; -2.828 ns ; s3[31] ; e3[31]~reg0 ; load     ;
; N/A           ; None        ; -2.845 ns ; s1[7]  ; e1[7]~reg0  ; load     ;
; N/A           ; None        ; -2.854 ns ; s4[9]  ; e4[9]~reg0  ; load     ;
; N/A           ; None        ; -2.877 ns ; s4[15] ; e4[15]~reg0 ; load     ;
; N/A           ; None        ; -2.883 ns ; s2[0]  ; e2[0]~reg0  ; load     ;
; N/A           ; None        ; -2.890 ns ; s4[19] ; e4[19]~reg0 ; load     ;
; N/A           ; None        ; -2.893 ns ; s1[8]  ; e1[8]~reg0  ; load     ;
; N/A           ; None        ; -2.899 ns ; s4[7]  ; e4[7]~reg0  ; load     ;
; N/A           ; None        ; -2.903 ns ; s1[23] ; e1[23]~reg0 ; load     ;
; N/A           ; None        ; -2.906 ns ; s1[28] ; e1[28]~reg0 ; load     ;
; N/A           ; None        ; -2.907 ns ; s3[5]  ; e3[5]~reg0  ; load     ;
; N/A           ; None        ; -2.909 ns ; s2[29] ; e2[29]~reg0 ; load     ;
; N/A           ; None        ; -2.909 ns ; s2[1]  ; e2[1]~reg0  ; load     ;
; N/A           ; None        ; -2.912 ns ; s4[27] ; e4[27]~reg0 ; load     ;
; N/A           ; None        ; -2.914 ns ; s3[6]  ; e3[6]~reg0  ; load     ;
; N/A           ; None        ; -2.915 ns ; s1[4]  ; e1[4]~reg0  ; load     ;
; N/A           ; None        ; -2.920 ns ; s2[10] ; e2[10]~reg0 ; load     ;
; N/A           ; None        ; -2.920 ns ; s1[16] ; e1[16]~reg0 ; load     ;
; N/A           ; None        ; -2.921 ns ; s2[21] ; e2[21]~reg0 ; load     ;
; N/A           ; None        ; -2.923 ns ; s3[29] ; e3[29]~reg0 ; load     ;
; N/A           ; None        ; -2.924 ns ; s1[30] ; e1[30]~reg0 ; load     ;
; N/A           ; None        ; -2.929 ns ; s4[16] ; e4[16]~reg0 ; load     ;
; N/A           ; None        ; -2.931 ns ; s4[29] ; e4[29]~reg0 ; load     ;
; N/A           ; None        ; -2.931 ns ; s1[12] ; e1[12]~reg0 ; load     ;
; N/A           ; None        ; -2.936 ns ; s4[28] ; e4[28]~reg0 ; load     ;
; N/A           ; None        ; -2.939 ns ; s4[10] ; e4[10]~reg0 ; load     ;
; N/A           ; None        ; -2.943 ns ; s4[18] ; e4[18]~reg0 ; load     ;
; N/A           ; None        ; -2.943 ns ; s4[2]  ; e4[2]~reg0  ; load     ;
; N/A           ; None        ; -2.948 ns ; s3[26] ; e3[26]~reg0 ; load     ;
; N/A           ; None        ; -2.948 ns ; s3[12] ; e3[12]~reg0 ; load     ;
; N/A           ; None        ; -2.950 ns ; s4[12] ; e4[12]~reg0 ; load     ;
; N/A           ; None        ; -2.954 ns ; s4[23] ; e4[23]~reg0 ; load     ;
; N/A           ; None        ; -2.954 ns ; s2[18] ; e2[18]~reg0 ; load     ;
; N/A           ; None        ; -2.976 ns ; s4[11] ; e4[11]~reg0 ; load     ;
; N/A           ; None        ; -2.976 ns ; s1[10] ; e1[10]~reg0 ; load     ;
; N/A           ; None        ; -2.980 ns ; s1[31] ; e1[31]~reg0 ; load     ;
; N/A           ; None        ; -2.985 ns ; s2[11] ; e2[11]~reg0 ; load     ;
; N/A           ; None        ; -2.986 ns ; s3[22] ; e3[22]~reg0 ; load     ;
; N/A           ; None        ; -2.989 ns ; s3[9]  ; e3[9]~reg0  ; load     ;
; N/A           ; None        ; -2.998 ns ; s1[5]  ; e1[5]~reg0  ; load     ;
; N/A           ; None        ; -3.009 ns ; s2[8]  ; e2[8]~reg0  ; load     ;
; N/A           ; None        ; -3.009 ns ; s1[6]  ; e1[6]~reg0  ; load     ;
; N/A           ; None        ; -3.017 ns ; s4[24] ; e4[24]~reg0 ; load     ;
; N/A           ; None        ; -3.020 ns ; s1[25] ; e1[25]~reg0 ; load     ;
; N/A           ; None        ; -3.025 ns ; s1[2]  ; e1[2]~reg0  ; load     ;
; N/A           ; None        ; -3.028 ns ; s3[21] ; e3[21]~reg0 ; load     ;
; N/A           ; None        ; -3.032 ns ; s2[30] ; e2[30]~reg0 ; load     ;
; N/A           ; None        ; -3.034 ns ; s1[3]  ; e1[3]~reg0  ; load     ;
; N/A           ; None        ; -3.037 ns ; s4[22] ; e4[22]~reg0 ; load     ;
; N/A           ; None        ; -3.038 ns ; s3[16] ; e3[16]~reg0 ; load     ;
; N/A           ; None        ; -3.041 ns ; s4[21] ; e4[21]~reg0 ; load     ;
; N/A           ; None        ; -3.048 ns ; s4[13] ; e4[13]~reg0 ; load     ;
; N/A           ; None        ; -3.049 ns ; s2[5]  ; e2[5]~reg0  ; load     ;
; N/A           ; None        ; -3.051 ns ; s1[21] ; e1[21]~reg0 ; load     ;
; N/A           ; None        ; -3.057 ns ; s3[17] ; e3[17]~reg0 ; load     ;
; N/A           ; None        ; -3.058 ns ; s3[24] ; e3[24]~reg0 ; load     ;
; N/A           ; None        ; -3.061 ns ; s2[25] ; e2[25]~reg0 ; load     ;
; N/A           ; None        ; -3.065 ns ; s2[23] ; e2[23]~reg0 ; load     ;
; N/A           ; None        ; -3.066 ns ; s2[20] ; e2[20]~reg0 ; load     ;
; N/A           ; None        ; -3.066 ns ; s1[24] ; e1[24]~reg0 ; load     ;
; N/A           ; None        ; -3.071 ns ; s1[20] ; e1[20]~reg0 ; load     ;
; N/A           ; None        ; -3.080 ns ; s2[12] ; e2[12]~reg0 ; load     ;
; N/A           ; None        ; -3.087 ns ; s4[25] ; e4[25]~reg0 ; load     ;
; N/A           ; None        ; -3.087 ns ; s2[4]  ; e2[4]~reg0  ; load     ;
; N/A           ; None        ; -3.087 ns ; s1[18] ; e1[18]~reg0 ; load     ;
; N/A           ; None        ; -3.088 ns ; s1[9]  ; e1[9]~reg0  ; load     ;
; N/A           ; None        ; -3.093 ns ; s3[10] ; e3[10]~reg0 ; load     ;
; N/A           ; None        ; -3.099 ns ; s2[2]  ; e2[2]~reg0  ; load     ;
; N/A           ; None        ; -3.101 ns ; s1[26] ; e1[26]~reg0 ; load     ;
; N/A           ; None        ; -3.104 ns ; s3[2]  ; e3[2]~reg0  ; load     ;
; N/A           ; None        ; -3.107 ns ; s4[6]  ; e4[6]~reg0  ; load     ;
; N/A           ; None        ; -3.108 ns ; s2[22] ; e2[22]~reg0 ; load     ;
; N/A           ; None        ; -3.110 ns ; s1[19] ; e1[19]~reg0 ; load     ;
; N/A           ; None        ; -3.116 ns ; s2[27] ; e2[27]~reg0 ; load     ;
; N/A           ; None        ; -3.122 ns ; s2[14] ; e2[14]~reg0 ; load     ;
; N/A           ; None        ; -3.141 ns ; s3[4]  ; e3[4]~reg0  ; load     ;
; N/A           ; None        ; -3.144 ns ; s2[15] ; e2[15]~reg0 ; load     ;
; N/A           ; None        ; -3.161 ns ; s4[17] ; e4[17]~reg0 ; load     ;
; N/A           ; None        ; -3.163 ns ; s2[31] ; e2[31]~reg0 ; load     ;
; N/A           ; None        ; -3.208 ns ; s3[13] ; e3[13]~reg0 ; load     ;
; N/A           ; None        ; -3.213 ns ; s1[29] ; e1[29]~reg0 ; load     ;
; N/A           ; None        ; -3.233 ns ; s2[24] ; e2[24]~reg0 ; load     ;
; N/A           ; None        ; -3.237 ns ; s1[15] ; e1[15]~reg0 ; load     ;
; N/A           ; None        ; -3.256 ns ; s2[16] ; e2[16]~reg0 ; load     ;
; N/A           ; None        ; -3.258 ns ; s3[27] ; e3[27]~reg0 ; load     ;
; N/A           ; None        ; -3.278 ns ; s4[30] ; e4[30]~reg0 ; load     ;
; N/A           ; None        ; -3.289 ns ; s2[28] ; e2[28]~reg0 ; load     ;
; N/A           ; None        ; -3.299 ns ; s1[1]  ; e1[1]~reg0  ; load     ;
; N/A           ; None        ; -3.326 ns ; s3[11] ; e3[11]~reg0 ; load     ;
; N/A           ; None        ; -3.373 ns ; s3[3]  ; e3[3]~reg0  ; load     ;
; N/A           ; None        ; -3.408 ns ; s4[4]  ; e4[4]~reg0  ; load     ;
; N/A           ; None        ; -3.422 ns ; s4[1]  ; e4[1]~reg0  ; load     ;
; N/A           ; None        ; -3.422 ns ; s3[19] ; e3[19]~reg0 ; load     ;
; N/A           ; None        ; -3.447 ns ; s4[5]  ; e4[5]~reg0  ; load     ;
; N/A           ; None        ; -4.044 ns ; s1[22] ; e1[22]~reg0 ; load     ;
; N/A           ; None        ; -4.151 ns ; s3[18] ; e3[18]~reg0 ; load     ;
; N/A           ; None        ; -4.174 ns ; s1[11] ; e1[11]~reg0 ; load     ;
; N/A           ; None        ; -4.339 ns ; s1[27] ; e1[27]~reg0 ; load     ;
+---------------+-------------+-----------+--------+-------------+----------+


+--------------------------+
; Timing Analyzer Messages ;
+--------------------------+
Info: *******************************************************************
Info: Running Quartus II Classic Timing Analyzer
    Info: Version 9.1 Build 350 03/24/2010 Service Pack 2 SJ Web Edition
    Info: Processing started: Mon Mar 15 19:26:13 2021
Info: Command: quartus_tan --read_settings_files=off --write_settings_files=off LAB5 -c LAB5 --timing_analysis_only
Warning: Found pins functioning as undefined clocks and/or memory enables
    Info: Assuming node "load" is an undefined clock
Info: No valid register-to-register data paths exist for clock "load"
Info: tsu for register "e1[27]~reg0" (data pin = "s1[27]", clock pin = "load") is 4.569 ns
    Info: + Longest pin to register delay is 7.290 ns
        Info: 1: + IC(0.000 ns) + CELL(0.850 ns) = 0.850 ns; Loc. = PIN_AE18; Fanout = 1; PIN Node = 's1[27]'
        Info: 2: + IC(6.074 ns) + CELL(0.366 ns) = 7.290 ns; Loc. = LCFF_X46_Y35_N1; Fanout = 1; REG Node = 'e1[27]~reg0'
        Info: Total cell delay = 1.216 ns ( 16.68 % )
        Info: Total interconnect delay = 6.074 ns ( 83.32 % )
    Info: + Micro setup delay of destination is -0.036 ns
    Info: - Shortest clock path from clock "load" to destination register is 2.685 ns
        Info: 1: + IC(0.000 ns) + CELL(0.999 ns) = 0.999 ns; Loc. = PIN_P2; Fanout = 1; CLK Node = 'load'
        Info: 2: + IC(0.118 ns) + CELL(0.000 ns) = 1.117 ns; Loc. = CLKCTRL_G3; Fanout = 128; COMB Node = 'load~clkctrl'
        Info: 3: + IC(1.031 ns) + CELL(0.537 ns) = 2.685 ns; Loc. = LCFF_X46_Y35_N1; Fanout = 1; REG Node = 'e1[27]~reg0'
        Info: Total cell delay = 1.536 ns ( 57.21 % )
        Info: Total interconnect delay = 1.149 ns ( 42.79 % )
Info: tco from clock "load" to destination pin "e3[21]" through register "e3[21]~reg0" is 8.935 ns
    Info: + Longest clock path from clock "load" to source register is 2.709 ns
        Info: 1: + IC(0.000 ns) + CELL(0.999 ns) = 0.999 ns; Loc. = PIN_P2; Fanout = 1; CLK Node = 'load'
        Info: 2: + IC(0.118 ns) + CELL(0.000 ns) = 1.117 ns; Loc. = CLKCTRL_G3; Fanout = 128; COMB Node = 'load~clkctrl'
        Info: 3: + IC(1.055 ns) + CELL(0.537 ns) = 2.709 ns; Loc. = LCFF_X30_Y1_N17; Fanout = 1; REG Node = 'e3[21]~reg0'
        Info: Total cell delay = 1.536 ns ( 56.70 % )
        Info: Total interconnect delay = 1.173 ns ( 43.30 % )
    Info: + Micro clock to output delay of source is 0.250 ns
    Info: + Longest register to pin delay is 5.976 ns
        Info: 1: + IC(0.000 ns) + CELL(0.000 ns) = 0.000 ns; Loc. = LCFF_X30_Y1_N17; Fanout = 1; REG Node = 'e3[21]~reg0'
        Info: 2: + IC(3.188 ns) + CELL(2.788 ns) = 5.976 ns; Loc. = PIN_C12; Fanout = 0; PIN Node = 'e3[21]'
        Info: Total cell delay = 2.788 ns ( 46.65 % )
        Info: Total interconnect delay = 3.188 ns ( 53.35 % )
Info: th for register "e2[6]~reg0" (data pin = "s2[6]", clock pin = "load") is 1.373 ns
    Info: + Longest clock path from clock "load" to destination register is 2.689 ns
        Info: 1: + IC(0.000 ns) + CELL(0.999 ns) = 0.999 ns; Loc. = PIN_P2; Fanout = 1; CLK Node = 'load'
        Info: 2: + IC(0.118 ns) + CELL(0.000 ns) = 1.117 ns; Loc. = CLKCTRL_G3; Fanout = 128; COMB Node = 'load~clkctrl'
        Info: 3: + IC(1.035 ns) + CELL(0.537 ns) = 2.689 ns; Loc. = LCFF_X64_Y19_N17; Fanout = 1; REG Node = 'e2[6]~reg0'
        Info: Total cell delay = 1.536 ns ( 57.12 % )
        Info: Total interconnect delay = 1.153 ns ( 42.88 % )
    Info: + Micro hold delay of destination is 0.266 ns
    Info: - Shortest pin to register delay is 1.582 ns
        Info: 1: + IC(0.000 ns) + CELL(0.999 ns) = 0.999 ns; Loc. = PIN_N26; Fanout = 1; PIN Node = 's2[6]'
        Info: 2: + IC(0.350 ns) + CELL(0.149 ns) = 1.498 ns; Loc. = LCCOMB_X64_Y19_N16; Fanout = 1; COMB Node = 'e2[6]~reg0feeder'
        Info: 3: + IC(0.000 ns) + CELL(0.084 ns) = 1.582 ns; Loc. = LCFF_X64_Y19_N17; Fanout = 1; REG Node = 'e2[6]~reg0'
        Info: Total cell delay = 1.232 ns ( 77.88 % )
        Info: Total interconnect delay = 0.350 ns ( 22.12 % )
Info: Quartus II Classic Timing Analyzer was successful. 0 errors, 1 warning
    Info: Peak virtual memory: 196 megabytes
    Info: Processing ended: Mon Mar 15 19:26:14 2021
    Info: Elapsed time: 00:00:01
    Info: Total CPU time (on all processors): 00:00:02


